<?xml version="1.0" encoding="UTF-8"?>
<!-- Generated by org.testng.reporters.JUnitReportReporter -->
<testsuite hostname="LAPTOP-HUV29O3P" failures="0" tests="3" name="automation.test.LoginPageErrorValidation" time="37.384" errors="0" timestamp="2025-10-26T11:29:30 IST" skipped="0">
  <testcase classname="automation.test.LoginPageErrorValidation" name="LoginInvalidUserNameInvalidPassword" time="13.423"/>
  <testcase classname="automation.test.LoginPageErrorValidation" name="LoginInvalidUserNameValidPassword" time="18.782"/>
  <testcase classname="automation.test.LoginPageErrorValidation" name="LoginValidUserNameInvalidPassword" time="5.179"/>
</testsuite> <!-- automation.test.LoginPageErrorValidation -->
